# JRE version: OpenJDK Runtime Environment (11.0.13) (build 11.0.13+0-b1751.21-8125866)
# Java VM: OpenJDK 64-Bit Server VM (11.0.13+0-b1751.21-8125866, mixed mode, tiered, compressed oops, g1 gc, windows-amd64)
Heap:
 garbage-first heap   total 131072K, used 97280K [0x0000000080e00000, 0x0000000100000000)
  region size 1024K, 34 young (34816K), 5 survivors (5120K)
 Metaspace       used 70093K, capacity 71007K, committed 71040K, reserved 1112064K
  class space    used 7686K, capacity 8053K, committed 8064K, reserved 1048576K
GC Heap History (20 events):
Event: 11.641 GC heap before
{Heap before GC invocations=3 (full 0):
 garbage-first heap   total 131072K, used 61631K [0x0000000080e00000, 0x0000000100000000)
  region size 1024K, 53 young (54272K), 6 survivors (6144K)
 Metaspace       used 32008K, capacity 32413K, committed 32640K, reserved 1077248K
  class space    used 3938K, capacity 4117K, committed 4224K, reserved 1048576K
}
Event: 11.654 GC heap after
{Heap after GC invocations=4 (full 0):
 garbage-first heap   total 131072K, used 21275K [0x0000000080e00000, 0x0000000100000000)
  region size 1024K, 7 young (7168K), 7 survivors (7168K)
 Metaspace       used 32008K, capacity 32413K, committed 32640K, reserved 1077248K
  class space    used 3938K, capacity 4117K, committed 4224K, reserved 1048576K
}
Event: 12.705 GC heap before
{Heap before GC invocations=4 (full 0):
 garbage-first heap   total 131072K, used 35611K [0x0000000080e00000, 0x0000000100000000)
  region size 1024K, 22 young (22528K), 7 survivors (7168K)
 Metaspace       used 35352K, capacity 35789K, committed 35840K, reserved 1081344K
  class space    used 4307K, capacity 4475K, committed 4480K, reserved 1048576K
}
Event: 12.716 GC heap after
{Heap after GC invocations=5 (full 0):
 garbage-first heap   total 131072K, used 20335K [0x0000000080e00000, 0x0000000100000000)
  region size 1024K, 2 young (2048K), 2 survivors (2048K)
 Metaspace       used 35352K, capacity 35789K, committed 35840K, reserved 1081344K
  class space    used 4307K, capacity 4475K, committed 4480K, reserved 1048576K
}
Event: 20.782 GC heap before
{Heap before GC invocations=6 (full 0):
 garbage-first heap   total 131072K, used 75631K [0x0000000080e00000, 0x0000000100000000)
  region size 1024K, 56 young (57344K), 2 survivors (2048K)
 Metaspace       used 46367K, capacity 46888K, committed 47104K, reserved 1091584K
  class space    used 5390K, capacity 5583K, committed 5632K, reserved 1048576K
}
Event: 20.791 GC heap after
{Heap after GC invocations=7 (full 0):
 garbage-first heap   total 131072K, used 26303K [0x0000000080e00000, 0x0000000100000000)
  region size 1024K, 7 young (7168K), 7 survivors (7168K)
 Metaspace       used 46367K, capacity 46888K, committed 47104K, reserved 1091584K
  class space    used 5390K, capacity 5583K, committed 5632K, reserved 1048576K
}
Event: 24.912 GC heap before
{Heap before GC invocations=7 (full 0):
 garbage-first heap   total 131072K, used 87743K [0x0000000080e00000, 0x0000000100000000)
  region size 1024K, 64 young (65536K), 7 survivors (7168K)
 Metaspace       used 53158K, capacity 53717K, committed 54016K, reserved 1097728K
  class space    used 6076K, capacity 6310K, committed 6400K, reserved 1048576K
}
Event: 24.930 GC heap after
{Heap after GC invocations=8 (full 0):
 garbage-first heap   total 131072K, used 35395K [0x0000000080e00000, 0x0000000100000000)
  region size 1024K, 7 young (7168K), 7 survivors (7168K)
 Metaspace       used 53158K, capacity 53717K, committed 54016K, reserved 1097728K
  class space    used 6076K, capacity 6310K, committed 6400K, reserved 1048576K
}
Event: 27.814 GC heap before
{Heap before GC invocations=8 (full 0):
 garbage-first heap   total 131072K, used 66115K [0x0000000080e00000, 0x0000000100000000)
  region size 1024K, 38 young (38912K), 7 survivors (7168K)
 Metaspace       used 58824K, capacity 59649K, committed 59904K, reserved 1101824K
  class space    used 6850K, capacity 7158K, committed 7168K, reserved 1048576K
}
Event: 27.828 GC heap after
{Heap after GC invocations=9 (full 0):
 garbage-first heap   total 131072K, used 38802K [0x0000000080e00000, 0x0000000100000000)
  region size 1024K, 4 young (4096K), 4 survivors (4096K)
 Metaspace       used 58824K, capacity 59649K, committed 59904K, reserved 1101824K
  class space    used 6850K, capacity 7158K, committed 7168K, reserved 1048576K
}
Event: 32.014 GC heap before
{Heap before GC invocations=10 (full 0):
 garbage-first heap   total 131072K, used 95122K [0x0000000080e00000, 0x0000000100000000)
  region size 1024K, 59 young (60416K), 4 survivors (4096K)
 Metaspace       used 62457K, capacity 63237K, committed 63360K, reserved 1105920K
  class space    used 7123K, capacity 7442K, committed 7552K, reserved 1048576K
}
Event: 32.032 GC heap after
{Heap after GC invocations=11 (full 0):
 garbage-first heap   total 131072K, used 49152K [0x0000000080e00000, 0x0000000100000000)
  region size 1024K, 8 young (8192K), 8 survivors (8192K)
 Metaspace       used 62457K, capacity 63237K, committed 63360K, reserved 1105920K
  class space    used 7123K, capacity 7442K, committed 7552K, reserved 1048576K
}
Event: 33.947 GC heap before
{Heap before GC invocations=11 (full 0):
 garbage-first heap   total 131072K, used 98304K [0x0000000080e00000, 0x0000000100000000)
  region size 1024K, 56 young (57344K), 8 survivors (8192K)
 Metaspace       used 64026K, capacity 64877K, committed 65024K, reserved 1105920K
  class space    used 7239K, capacity 7584K, committed 7680K, reserved 1048576K
}
Event: 33.964 GC heap after
{Heap after GC invocations=12 (full 0):
 garbage-first heap   total 131072K, used 55962K [0x0000000080e00000, 0x0000000100000000)
  region size 1024K, 6 young (6144K), 6 survivors (6144K)
 Metaspace       used 64026K, capacity 64877K, committed 65024K, reserved 1105920K
  class space    used 7239K, capacity 7584K, committed 7680K, reserved 1048576K
}
Event: 39.849 GC heap before
{Heap before GC invocations=12 (full 0):
 garbage-first heap   total 131072K, used 101018K [0x0000000080e00000, 0x0000000100000000)
  region size 1024K, 50 young (51200K), 6 survivors (6144K)
 Metaspace       used 67881K, capacity 68777K, committed 68864K, reserved 1110016K
  class space    used 7528K, capacity 7871K, committed 7936K, reserved 1048576K
}
Event: 39.863 GC heap after
{Heap after GC invocations=13 (full 0):
 garbage-first heap   total 131072K, used 61418K [0x0000000080e00000, 0x0000000100000000)
  region size 1024K, 5 young (5120K), 5 survivors (5120K)
 Metaspace       used 67881K, capacity 68777K, committed 68864K, reserved 1110016K
  class space    used 7528K, capacity 7871K, committed 7936K, reserved 1048576K
}
Event: 42.824 GC heap before
{Heap before GC invocations=13 (full 0):
 garbage-first heap   total 131072K, used 83946K [0x0000000080e00000, 0x0000000100000000)
  region size 1024K, 26 young (26624K), 5 survivors (5120K)
 Metaspace       used 68616K, capacity 69551K, committed 69632K, reserved 1112064K
  class space    used 7552K, capacity 7911K, committed 7936K, reserved 1048576K
}
Event: 42.835 GC heap after
{Heap after GC invocations=14 (full 0):
 garbage-first heap   total 131072K, used 66503K [0x0000000080e00000, 0x0000000100000000)
  region size 1024K, 3 young (3072K), 3 survivors (3072K)
 Metaspace       used 68616K, capacity 69551K, committed 69632K, reserved 1112064K
  class space    used 7552K, capacity 7911K, committed 7936K, reserved 1048576K
}
Event: 46.567 GC heap before
{Heap before GC invocations=15 (full 0):
 garbage-first heap   total 131072K, used 102343K [0x0000000080e00000, 0x0000000100000000)
  region size 1024K, 37 young (37888K), 3 survivors (3072K)
 Metaspace       used 69471K, capacity 70361K, committed 70528K, reserved 1112064K
  class space    used 7630K, capacity 7987K, committed 8064K, reserved 1048576K
}
Event: 46.574 GC heap after
{Heap after GC invocations=16 (full 0):
 garbage-first heap   total 131072K, used 68608K [0x0000000080e00000, 0x0000000100000000)
  region size 1024K, 5 young (5120K), 5 survivors (5120K)
 Metaspace       used 69471K, capacity 70361K, committed 70528K, reserved 1112064K
  class space    used 7630K, capacity 7987K, committed 8064K, reserved 1048576K
}

