# JRE version: OpenJDK Runtime Environment (11.0.13) (build 11.0.13+0-b1751.21-8125866)
# Java VM: OpenJDK 64-Bit Server VM (11.0.13+0-b1751.21-8125866, mixed mode, tiered, compressed oops, g1 gc, windows-amd64)
Heap:
 garbage-first heap   total 131072K, used 102214K [0x0000000080e00000, 0x0000000100000000)
  region size 1024K, 28 young (28672K), 5 survivors (5120K)
 Metaspace       used 71307K, capacity 72245K, committed 72320K, reserved 1114112K
  class space    used 7702K, capacity 8051K, committed 8064K, reserved 1048576K
GC Heap History (20 events):
Event: 13.166 GC heap before
{Heap before GC invocations=4 (full 0):
 garbage-first heap   total 131072K, used 33390K [0x0000000080e00000, 0x0000000100000000)
  region size 1024K, 18 young (18432K), 8 survivors (8192K)
 Metaspace       used 35354K, capacity 35724K, committed 35840K, reserved 1081344K
  class space    used 4271K, capacity 4434K, committed 4480K, reserved 1048576K
}
Event: 13.180 GC heap after
{Heap after GC invocations=5 (full 0):
 garbage-first heap   total 131072K, used 25693K [0x0000000080e00000, 0x0000000100000000)
  region size 1024K, 2 young (2048K), 2 survivors (2048K)
 Metaspace       used 35354K, capacity 35724K, committed 35840K, reserved 1081344K
  class space    used 4271K, capacity 4434K, committed 4480K, reserved 1048576K
}
Event: 23.135 GC heap before
{Heap before GC invocations=6 (full 0):
 garbage-first heap   total 131072K, used 96349K [0x0000000080e00000, 0x0000000100000000)
  region size 1024K, 71 young (72704K), 2 survivors (2048K)
 Metaspace       used 48690K, capacity 49204K, committed 49408K, reserved 1093632K
  class space    used 5616K, capacity 5848K, committed 5888K, reserved 1048576K
}
Event: 23.148 GC heap after
{Heap after GC invocations=7 (full 0):
 garbage-first heap   total 131072K, used 33172K [0x0000000080e00000, 0x0000000100000000)
  region size 1024K, 9 young (9216K), 9 survivors (9216K)
 Metaspace       used 48690K, capacity 49204K, committed 49408K, reserved 1093632K
  class space    used 5616K, capacity 5848K, committed 5888K, reserved 1048576K
}
Event: 26.255 GC heap before
{Heap before GC invocations=7 (full 0):
 garbage-first heap   total 131072K, used 98708K [0x0000000080e00000, 0x0000000100000000)
  region size 1024K, 70 young (71680K), 9 survivors (9216K)
 Metaspace       used 55497K, capacity 56172K, committed 56448K, reserved 1099776K
  class space    used 6428K, capacity 6708K, committed 6784K, reserved 1048576K
}
Event: 26.269 GC heap after
{Heap after GC invocations=8 (full 0):
 garbage-first heap   total 131072K, used 42079K [0x0000000080e00000, 0x0000000100000000)
  region size 1024K, 7 young (7168K), 7 survivors (7168K)
 Metaspace       used 55497K, capacity 56172K, committed 56448K, reserved 1099776K
  class space    used 6428K, capacity 6708K, committed 6784K, reserved 1048576K
}
Event: 29.089 GC heap before
{Heap before GC invocations=8 (full 0):
 garbage-first heap   total 131072K, used 71775K [0x0000000080e00000, 0x0000000100000000)
  region size 1024K, 37 young (37888K), 7 survivors (7168K)
 Metaspace       used 59366K, capacity 60044K, committed 60160K, reserved 1101824K
  class space    used 6809K, capacity 7091K, committed 7168K, reserved 1048576K
}
Event: 29.102 GC heap after
{Heap after GC invocations=9 (full 0):
 garbage-first heap   total 131072K, used 48122K [0x0000000080e00000, 0x0000000100000000)
  region size 1024K, 6 young (6144K), 6 survivors (6144K)
 Metaspace       used 59366K, capacity 60044K, committed 60160K, reserved 1101824K
  class space    used 6809K, capacity 7091K, committed 7168K, reserved 1048576K
}
Event: 34.439 GC heap before
{Heap before GC invocations=10 (full 0):
 garbage-first heap   total 131072K, used 102394K [0x0000000080e00000, 0x0000000100000000)
  region size 1024K, 57 young (58368K), 6 survivors (6144K)
 Metaspace       used 64184K, capacity 64988K, committed 65280K, reserved 1107968K
  class space    used 7244K, capacity 7572K, committed 7680K, reserved 1048576K
}
Event: 34.463 GC heap after
{Heap after GC invocations=11 (full 0):
 garbage-first heap   total 131072K, used 59792K [0x0000000080e00000, 0x0000000100000000)
  region size 1024K, 8 young (8192K), 8 survivors (8192K)
 Metaspace       used 64184K, capacity 64988K, committed 65280K, reserved 1107968K
  class space    used 7244K, capacity 7572K, committed 7680K, reserved 1048576K
}
Event: 37.960 GC heap before
{Heap before GC invocations=12 (full 0):
 garbage-first heap   total 131072K, used 100752K [0x0000000080e00000, 0x0000000100000000)
  region size 1024K, 48 young (49152K), 8 survivors (8192K)
 Metaspace       used 65291K, capacity 66140K, committed 66304K, reserved 1107968K
  class space    used 7257K, capacity 7609K, committed 7680K, reserved 1048576K
}
Event: 37.981 GC heap after
{Heap after GC invocations=13 (full 0):
 garbage-first heap   total 131072K, used 67584K [0x0000000080e00000, 0x0000000100000000)
  region size 1024K, 6 young (6144K), 6 survivors (6144K)
 Metaspace       used 65291K, capacity 66140K, committed 66304K, reserved 1107968K
  class space    used 7257K, capacity 7609K, committed 7680K, reserved 1048576K
}
Event: 40.773 GC heap before
{Heap before GC invocations=13 (full 0):
 garbage-first heap   total 131072K, used 102400K [0x0000000080e00000, 0x0000000100000000)
  region size 1024K, 40 young (40960K), 6 survivors (6144K)
 Metaspace       used 68139K, capacity 69035K, committed 69120K, reserved 1110016K
  class space    used 7526K, capacity 7889K, committed 7936K, reserved 1048576K
}
Event: 40.786 GC heap after
{Heap after GC invocations=14 (full 0):
 garbage-first heap   total 131072K, used 71522K [0x0000000080e00000, 0x0000000100000000)
  region size 1024K, 3 young (3072K), 3 survivors (3072K)
 Metaspace       used 68139K, capacity 69035K, committed 69120K, reserved 1110016K
  class space    used 7526K, capacity 7889K, committed 7936K, reserved 1048576K
}
Event: 43.423 GC heap before
{Heap before GC invocations=15 (full 0):
 garbage-first heap   total 131072K, used 104290K [0x0000000080e00000, 0x0000000100000000)
  region size 1024K, 35 young (35840K), 3 survivors (3072K)
 Metaspace       used 69777K, capacity 70633K, committed 70784K, reserved 1112064K
  class space    used 7617K, capacity 7969K, committed 8064K, reserved 1048576K
}
Event: 43.432 GC heap after
{Heap after GC invocations=16 (full 0):
 garbage-first heap   total 131072K, used 74201K [0x0000000080e00000, 0x0000000100000000)
  region size 1024K, 3 young (3072K), 3 survivors (3072K)
 Metaspace       used 69777K, capacity 70633K, committed 70784K, reserved 1112064K
  class space    used 7617K, capacity 7969K, committed 8064K, reserved 1048576K
}
Event: 44.828 GC heap before
{Heap before GC invocations=16 (full 0):
 garbage-first heap   total 131072K, used 90585K [0x0000000080e00000, 0x0000000100000000)
  region size 1024K, 20 young (20480K), 3 survivors (3072K)
 Metaspace       used 70474K, capacity 71335K, committed 71552K, reserved 1112064K
  class space    used 7661K, capacity 8007K, committed 8064K, reserved 1048576K
}
Event: 44.837 GC heap after
{Heap after GC invocations=17 (full 0):
 garbage-first heap   total 131072K, used 76299K [0x0000000080e00000, 0x0000000100000000)
  region size 1024K, 5 young (5120K), 5 survivors (5120K)
 Metaspace       used 70474K, capacity 71335K, committed 71552K, reserved 1112064K
  class space    used 7661K, capacity 8007K, committed 8064K, reserved 1048576K
}
Event: 47.058 GC heap before
{Heap before GC invocations=18 (full 0):
 garbage-first heap   total 131072K, used 105995K [0x0000000080e00000, 0x0000000100000000)
  region size 1024K, 33 young (33792K), 5 survivors (5120K)
 Metaspace       used 70927K, capacity 71837K, committed 72064K, reserved 1114112K
  class space    used 7681K, capacity 8044K, committed 8064K, reserved 1048576K
}
Event: 47.070 GC heap after
{Heap after GC invocations=19 (full 0):
 garbage-first heap   total 131072K, used 79686K [0x0000000080e00000, 0x0000000100000000)
  region size 1024K, 5 young (5120K), 5 survivors (5120K)
 Metaspace       used 70927K, capacity 71837K, committed 72064K, reserved 1114112K
  class space    used 7681K, capacity 8044K, committed 8064K, reserved 1048576K
}

